[debug] [2019-08-22T08:29:38.111Z] ----------------------------------------------------------------------
[debug] [2019-08-22T08:29:38.114Z] Command:       /usr/local/bin/node /usr/local/bin/firebase init
[debug] [2019-08-22T08:29:38.114Z] CLI Version:   7.2.4
[debug] [2019-08-22T08:29:38.114Z] Platform:      darwin
[debug] [2019-08-22T08:29:38.114Z] Node Version:  v10.15.3
[debug] [2019-08-22T08:29:38.119Z] Time:          Thu Aug 22 2019 11:29:38 GMT+0300 (Eastern European Summer Time)
[debug] [2019-08-22T08:29:38.120Z] ----------------------------------------------------------------------
[debug] 
[debug] [2019-08-22T08:29:38.126Z] > command requires scopes: ["email","openid","https://www.googleapis.com/auth/cloudplatformprojects.readonly","https://www.googleapis.com/auth/firebase","https://www.googleapis.com/auth/cloud-platform"]
[debug] [2019-08-22T08:29:38.127Z] > authorizing via signed-in user
[info] 
     ######## #### ########  ######## ########     ###     ######  ########
     ##        ##  ##     ## ##       ##     ##  ##   ##  ##       ##
     ######    ##  ########  ######   ########  #########  ######  ######
     ##        ##  ##    ##  ##       ##     ## ##     ##       ## ##
     ##       #### ##     ## ######## ########  ##     ##  ######  ########

You're about to initialize a Firebase project in this directory:

  /Users/thythy/Documents/StudyToCode/weatherapp

[info] 
=== Project Setup
[info] 
[info] First, let's associate this project directory with a Firebase project.
[info] You can create multiple project aliases by running firebase use --add, 
[info] but for now we'll just set up a default project.
[info] 
[debug] [2019-08-22T08:30:37.471Z] > refreshing access token with scopes: ["email","https://www.googleapis.com/auth/cloud-platform","https://www.googleapis.com/auth/cloudplatformprojects.readonly","https://www.googleapis.com/auth/firebase","openid"]
[debug] [2019-08-22T08:30:37.472Z] >>> HTTP REQUEST POST https://www.googleapis.com/oauth2/v3/token  
 <request body omitted>
[debug] [2019-08-22T08:30:38.081Z] <<< HTTP RESPONSE 200
[debug] [2019-08-22T08:30:38.089Z] >>> HTTP REQUEST GET https://firebase.googleapis.com/v1beta1/projects?pageSize=100  
 
[debug] [2019-08-22T08:30:38.623Z] <<< HTTP RESPONSE 200
[info] i  Using project weather-app-project-86742 (Weather App Project)
[info] 
=== Database Setup
[info] 
[info] Firebase Realtime Database Rules allow you to define how your data should be
[info] structured and when your data can be read from and written to.
[info] 
